<?xml version="1.0" encoding="UTF-8"?>
<testsuite name="kr.kakaotech.community.service.PostServiceCascadeTest" tests="1" skipped="0" failures="0" errors="0" timestamp="2025-10-11T11:41:43.680Z" hostname="kimsjui-MacBookPro.local" time="0.658">
  <properties/>
  <testcase name="post_저장시_postImage_와_image도_자동저장된다()" classname="kr.kakaotech.community.service.PostServiceCascadeTest" time="0.658"/>
  <system-out><![CDATA[20:41:41.538 [Test worker] INFO org.springframework.test.context.support.AnnotationConfigContextLoaderUtils -- Could not detect default configuration classes for test class [kr.kakaotech.community.service.PostServiceCascadeTest]: PostServiceCascadeTest does not declare any static, non-private, non-final, nested classes annotated with @Configuration.
20:41:41.603 [Test worker] INFO org.springframework.boot.test.context.SpringBootTestContextBootstrapper -- Found @SpringBootConfiguration kr.kakaotech.community.CommunityApplication for test class kr.kakaotech.community.service.PostServiceCascadeTest

  .   ____          _            __ _ _
 /\\ / ___'_ __ _ _(_)_ __  __ _ \ \ \ \
( ( )\___ | '_ | '_| | '_ \/ _` | \ \ \ \
 \\/  ___)| |_)| | | | | || (_| |  ) ) ) )
  '  |____| .__|_| |_|_| |_\__, | / / / /
 =========|_|==============|___/=/_/_/_/

 :: Spring Boot ::                (v3.5.6)

2025-10-11T20:41:41.829+09:00  INFO 19700 --- [community] [    Test worker] k.k.c.service.PostServiceCascadeTest     : Starting PostServiceCascadeTest using Java 21.0.4 with PID 19700 (started by kimsj in /Users/kimsj/kakao-tech/community)
2025-10-11T20:41:41.830+09:00  INFO 19700 --- [community] [    Test worker] k.k.c.service.PostServiceCascadeTest     : No active profile set, falling back to 1 default profile: "default"
2025-10-11T20:41:42.125+09:00  INFO 19700 --- [community] [    Test worker] .s.d.r.c.RepositoryConfigurationDelegate : Bootstrapping Spring Data JPA repositories in DEFAULT mode.
2025-10-11T20:41:42.153+09:00  INFO 19700 --- [community] [    Test worker] .s.d.r.c.RepositoryConfigurationDelegate : Finished Spring Data repository scanning in 23 ms. Found 4 JPA repository interfaces.
2025-10-11T20:41:42.352+09:00  INFO 19700 --- [community] [    Test worker] o.hibernate.jpa.internal.util.LogHelper  : HHH000204: Processing PersistenceUnitInfo [name: default]
2025-10-11T20:41:42.380+09:00  INFO 19700 --- [community] [    Test worker] org.hibernate.Version                    : HHH000412: Hibernate ORM core version 6.6.29.Final
2025-10-11T20:41:42.397+09:00  INFO 19700 --- [community] [    Test worker] o.h.c.internal.RegionFactoryInitiator    : HHH000026: Second-level cache disabled
2025-10-11T20:41:42.534+09:00  INFO 19700 --- [community] [    Test worker] o.s.o.j.p.SpringPersistenceUnitInfo      : No LoadTimeWeaver setup: ignoring JPA class transformer
2025-10-11T20:41:42.549+09:00  INFO 19700 --- [community] [    Test worker] com.zaxxer.hikari.HikariDataSource       : HikariPool-1 - Starting...
2025-10-11T20:41:42.648+09:00  INFO 19700 --- [community] [    Test worker] com.zaxxer.hikari.pool.HikariPool        : HikariPool-1 - Added connection com.mysql.cj.jdbc.ConnectionImpl@4e26564d
2025-10-11T20:41:42.649+09:00  INFO 19700 --- [community] [    Test worker] com.zaxxer.hikari.HikariDataSource       : HikariPool-1 - Start completed.
2025-10-11T20:41:42.695+09:00  INFO 19700 --- [community] [    Test worker] org.hibernate.orm.connections.pooling    : HHH10001005: Database info:
	Database JDBC URL [Connecting through datasource 'HikariDataSource (HikariPool-1)']
	Database driver: undefined/unknown
	Database version: 9.0.1
	Autocommit mode: undefined/unknown
	Isolation level: undefined/unknown
	Minimum pool size: undefined/unknown
	Maximum pool size: undefined/unknown
2025-10-11T20:41:43.132+09:00  INFO 19700 --- [community] [    Test worker] o.h.e.t.j.p.i.JtaPlatformInitiator       : HHH000489: No JTA platform available (set 'hibernate.transaction.jta.platform' to enable JTA platform integration)
2025-10-11T20:41:43.196+09:00  INFO 19700 --- [community] [    Test worker] j.LocalContainerEntityManagerFactoryBean : Initialized JPA EntityManagerFactory for persistence unit 'default'
2025-10-11T20:41:43.467+09:00  WARN 19700 --- [community] [    Test worker] JpaBaseConfiguration$JpaWebConfiguration : spring.jpa.open-in-view is enabled by default. Therefore, database queries may be performed during view rendering. Explicitly configure spring.jpa.open-in-view to disable this warning
2025-10-11T20:41:43.672+09:00  INFO 19700 --- [community] [    Test worker] k.k.c.service.PostServiceCascadeTest     : Started PostServiceCascadeTest in 1.998 seconds (process running for 2.597)
2025-10-11T20:41:44.035+09:00 DEBUG 19700 --- [community] [    Test worker] org.hibernate.SQL                        : 
    insert 
    into
        images
        (local_date_time, url) 
    values
        (?, ?)
2025-10-11T20:41:44.062+09:00 DEBUG 19700 --- [community] [    Test worker] org.hibernate.SQL                        : 
    insert 
    into
        users
        (created_at, deleted, deleted_at, email, image_id, nickname, password, role, id) 
    values
        (?, ?, ?, ?, ?, ?, ?, ?, ?)
2025-10-11T20:41:44.065+09:00 DEBUG 19700 --- [community] [    Test worker] org.hibernate.SQL                        : 
    insert 
    into
        posts
        (content, deleted, nickname, title, user_id) 
    values
        (?, ?, ?, ?, ?)
2025-10-11T20:41:44.071+09:00 DEBUG 19700 --- [community] [    Test worker] org.hibernate.SQL                        : 
    insert 
    into
        images
        (local_date_time, url) 
    values
        (?, ?)
2025-10-11T20:41:44.072+09:00 DEBUG 19700 --- [community] [    Test worker] org.hibernate.SQL                        : 
    insert 
    into
        post_image
        (image_id, post_id) 
    values
        (?, ?)
2025-10-11T20:41:44.074+09:00 DEBUG 19700 --- [community] [    Test worker] org.hibernate.SQL                        : 
    insert 
    into
        images
        (local_date_time, url) 
    values
        (?, ?)
2025-10-11T20:41:44.081+09:00 DEBUG 19700 --- [community] [    Test worker] org.hibernate.SQL                        : 
    insert 
    into
        post_image
        (image_id, post_id) 
    values
        (?, ?)
2025-10-11T20:41:44.278+09:00 DEBUG 19700 --- [community] [    Test worker] org.hibernate.SQL                        : 
    select
        count(*) 
    from
        posts p1_0
2025-10-11T20:41:44.307+09:00 DEBUG 19700 --- [community] [    Test worker] org.hibernate.SQL                        : 
    select
        count(*) 
    from
        post_image pi1_0
2025-10-11T20:41:44.311+09:00 DEBUG 19700 --- [community] [    Test worker] org.hibernate.SQL                        : 
    select
        count(*) 
    from
        images i1_0
2025-10-11T20:41:44.319+09:00 DEBUG 19700 --- [community] [    Test worker] org.hibernate.SQL                        : 
    select
        p1_0.id,
        p1_0.content,
        p1_0.created_at,
        p1_0.deleted,
        p1_0.nickname,
        p1_0.title,
        p1_0.user_id 
    from
        posts p1_0
저장된 Post ID : 2
 - Image URL : https://s3.com/image1.png
 - Image URL : https://s3.com/image2.png
]]></system-out>
  <system-err><![CDATA[Mockito is currently self-attaching to enable the inline-mock-maker. This will no longer work in future releases of the JDK. Please add Mockito as an agent to your build as described in Mockito's documentation: https://javadoc.io/doc/org.mockito/mockito-core/latest/org.mockito/org/mockito/Mockito.html#0.3
WARNING: A Java agent has been loaded dynamically (/Users/kimsj/.gradle/caches/modules-2/files-2.1/net.bytebuddy/byte-buddy-agent/1.17.7/fbf3d6d649ed37fc9e9c59480a05be0a26e3c2da/byte-buddy-agent-1.17.7.jar)
WARNING: If a serviceability tool is in use, please run with -XX:+EnableDynamicAgentLoading to hide this warning
WARNING: If a serviceability tool is not in use, please run with -Djdk.instrument.traceUsage for more information
WARNING: Dynamic loading of agents will be disallowed by default in a future release
]]></system-err>
</testsuite>
